[1;33m[WARN][0m Stopping all services...
[0;34m[INFO][0m Cleanup complete
[1;33m[WARN][0m Stopping all services...
[0;34m[INFO][0m Cleanup complete
[0;34m[INFO][0m Checking prerequisites...
[0;32m[SUCCESS][0m MongoDB is running
[0;32m[SUCCESS][0m Node.js v18.19.1 available
[0;32m[SUCCESS][0m All directories exist
[0;34m[INFO][0m Checking ports...
[0;32m[SUCCESS][0m Ports are free
[0;34m[INFO][0m Step 1/6: Starting Hardhat blockchain node...
[0;34m[INFO][0m Step 2/6: Deploying smart contracts...
[0;34m[INFO][0m Step 3/6: Starting bank services...
[0;34m[INFO][0m Step 4/6: Starting backend...
[0;34m[INFO][0m Step 5/6: Starting frontend...
[0;32m[SUCCESS][0m All services started successfully!
[0;34m[INFO][0m Service Status:
[0;34m[INFO][0m Logs available at: ./.pids/
[0;34m[INFO][0m Press Ctrl+C to stop all services
[1;33m[WARN][0m Stopping all services...
[0;34m[INFO][0m Cleanup complete
[1;33m[WARN][0m Stopping all services...
[0;34m[INFO][0m Cleanup complete
[0;34m[INFO][0m Checking prerequisites...
[0;32m[SUCCESS][0m MongoDB is running
[0;32m[SUCCESS][0m Node.js v18.19.1 available
[0;32m[SUCCESS][0m All directories exist
[0;34m[INFO][0m Checking ports...
[0;31m[ERROR][0m Port 5173 (Frontend) is already in use. Run ./stop-all.sh first.
[1;33m[WARN][0m Stopping all services...
[0;34m[INFO][0m Cleanup complete
[0;34m[INFO][0m Checking prerequisites...
[0;32m[SUCCESS][0m MongoDB is running
[0;32m[SUCCESS][0m Node.js v18.19.1 available
[0;32m[SUCCESS][0m All directories exist
[0;34m[INFO][0m Checking ports...
[0;32m[SUCCESS][0m Ports are free
[0;34m[INFO][0m Step 1/6: Starting Hardhat blockchain node...
[0;34m[INFO][0m Step 2/6: Deploying smart contracts...
[0;34m[INFO][0m Step 3/6: Starting bank services...
[0;34m[INFO][0m Step 4/6: Starting backend...
[0;34m[INFO][0m Step 5/6: Starting frontend...
[0;32m[SUCCESS][0m All services started successfully!
[0;34m[INFO][0m Service Status:
[0;34m[INFO][0m Logs available at: ./.pids/
[0;34m[INFO][0m Press Ctrl+C to stop all services
[1;33m[WARN][0m Stopping all services...
[0;34m[INFO][0m Cleanup complete
[1;33m[WARN][0m Stopping all services...
[0;34m[INFO][0m Cleanup complete
[0;34m[INFO][0m Checking prerequisites...
[0;32m[SUCCESS][0m MongoDB is running
[0;32m[SUCCESS][0m Node.js v18.19.1 available
[0;32m[SUCCESS][0m All directories exist
[0;34m[INFO][0m Checking ports...
[0;32m[SUCCESS][0m Ports are free
[0;34m[INFO][0m Step 1/6: Starting Hardhat blockchain node...
[0;34m[INFO][0m Step 2/6: Deploying smart contracts...
[0;34m[INFO][0m Step 3/6: Starting bank services...
[0;34m[INFO][0m Step 4/6: Starting backend...
[0;34m[INFO][0m Step 5/6: Starting frontend...
[0;32m[SUCCESS][0m All services started successfully!
[0;34m[INFO][0m Service Status:
[0;34m[INFO][0m Logs available at: ./.pids/
[0;34m[INFO][0m Press Ctrl+C to stop all services
[1;33m[WARN][0m Stopping all services...
[0;34m[INFO][0m Cleanup complete
[1;33m[WARN][0m Stopping all services...
[0;34m[INFO][0m Cleanup complete
[0;34m[INFO][0m Checking prerequisites...
[0;32m[SUCCESS][0m MongoDB is running
[0;32m[SUCCESS][0m Node.js v18.19.1 available
[0;32m[SUCCESS][0m All directories exist
[0;34m[INFO][0m Checking ports...
[0;32m[SUCCESS][0m Ports are free
[0;34m[INFO][0m Step 1/6: Starting Hardhat blockchain node...
[0;34m[INFO][0m Step 2/6: Deploying smart contracts...
[0;34m[INFO][0m Step 3/6: Starting bank services...
[0;34m[INFO][0m Step 4/6: Starting backend...
[0;34m[INFO][0m Step 5/6: Starting frontend...
[0;32m[SUCCESS][0m All services started successfully!
[0;34m[INFO][0m Service Status:
[0;34m[INFO][0m Logs available at: ./.pids/
[0;34m[INFO][0m Press Ctrl+C to stop all services
[1;33m[WARN][0m Stopping all services...
[0;34m[INFO][0m Cleanup complete
[1;33m[WARN][0m Stopping all services...
[0;34m[INFO][0m Cleanup complete
[0;34m[INFO][0m Checking prerequisites...
[0;32m[SUCCESS][0m MongoDB is running
[0;32m[SUCCESS][0m Node.js v20.19.5 available
[0;32m[SUCCESS][0m All directories exist
[0;34m[INFO][0m Checking ports...
[0;32m[SUCCESS][0m Ports are free
[0;34m[INFO][0m Step 1/6: Starting Hardhat blockchain node...
[0;34m[INFO][0m Step 2/6: Deploying smart contracts...
[0;34m[INFO][0m Step 3/6: Starting bank services...
[0;34m[INFO][0m Step 4/6: Starting backend...
[0;34m[INFO][0m Step 5/6: Starting frontend...
[0;32m[SUCCESS][0m All services started successfully!
[0;34m[INFO][0m Service Status:
[0;34m[INFO][0m Logs available at: ./.pids/
[0;34m[INFO][0m Press Ctrl+C to stop all services
[1;33m[WARN][0m Stopping all services...
[0;34m[INFO][0m Cleanup complete
[1;33m[WARN][0m Stopping all services...
[0;34m[INFO][0m Cleanup complete
[0;34m[INFO][0m Checking prerequisites...
[0;32m[SUCCESS][0m MongoDB is running
[0;32m[SUCCESS][0m Node.js v20.19.5 available
[0;32m[SUCCESS][0m All directories exist
[0;34m[INFO][0m Checking ports...
[0;32m[SUCCESS][0m Ports are free
[0;34m[INFO][0m Step 1/6: Starting Hardhat blockchain node...
[0;34m[INFO][0m Step 2/6: Deploying smart contracts...
[0;34m[INFO][0m Step 3/6: Starting bank services...
[0;34m[INFO][0m Step 4/6: Starting backend...
[0;34m[INFO][0m Step 5/6: Starting frontend...
[0;32m[SUCCESS][0m All services started successfully!
[0;34m[INFO][0m Service Status:
[0;34m[INFO][0m Logs available at: ./.pids/
[0;34m[INFO][0m Press Ctrl+C to stop all services
[1;33m[WARN][0m Stopping all services...
[0;34m[INFO][0m Cleanup complete
[1;33m[WARN][0m Stopping all services...
[0;34m[INFO][0m Cleanup complete
[0;34m[INFO][0m Checking prerequisites...
[0;32m[SUCCESS][0m MongoDB is running
[0;32m[SUCCESS][0m Node.js v20.19.5 available
[0;32m[SUCCESS][0m All directories exist
[0;34m[INFO][0m Checking ports...
[0;32m[SUCCESS][0m Ports are free
[0;34m[INFO][0m Step 1/6: Starting Hardhat blockchain node...
[0;34m[INFO][0m Step 2/6: Deploying smart contracts...
[0;34m[INFO][0m Step 3/6: Starting bank services...
[0;34m[INFO][0m Step 4/6: Starting backend...
[0;34m[INFO][0m Step 5/6: Starting frontend...
[0;32m[SUCCESS][0m All services started successfully!
[0;34m[INFO][0m Service Status:
[0;34m[INFO][0m Logs available at: ./.pids/
[0;34m[INFO][0m Press Ctrl+C to stop all services
[1;33m[WARN][0m Stopping all services...
[0;34m[INFO][0m Cleanup complete
[1;33m[WARN][0m Stopping all services...
[0;34m[INFO][0m Cleanup complete
[0;34m[INFO][0m Checking prerequisites...
[0;32m[SUCCESS][0m MongoDB is running
[0;32m[SUCCESS][0m Node.js v20.19.5 available
[0;32m[SUCCESS][0m All directories exist
[0;34m[INFO][0m Checking ports...
[0;32m[SUCCESS][0m Ports are free
[0;34m[INFO][0m Step 1/6: Starting Hardhat blockchain node...
[0;34m[INFO][0m Step 2/6: Deploying smart contracts...
[0;34m[INFO][0m Step 3/6: Starting bank services...
[0;34m[INFO][0m Step 4/6: Starting backend...
[0;34m[INFO][0m Step 5/6: Starting frontend...
[0;32m[SUCCESS][0m All services started successfully!
[0;34m[INFO][0m Service Status:
[0;34m[INFO][0m Logs available at: ./.pids/
[0;34m[INFO][0m Press Ctrl+C to stop all services
[1;33m[WARN][0m Stopping all services...
[0;34m[INFO][0m Cleanup complete
[1;33m[WARN][0m Stopping all services...
[0;34m[INFO][0m Cleanup complete
[0;34m[INFO][0m Checking prerequisites...
[0;32m[SUCCESS][0m MongoDB is running
[0;32m[SUCCESS][0m Node.js v20.19.5 available
[0;32m[SUCCESS][0m All directories exist
[0;34m[INFO][0m Checking ports...
[0;32m[SUCCESS][0m Ports are free
[0;34m[INFO][0m Step 1/6: Starting Hardhat blockchain node...
[0;34m[INFO][0m Step 2/6: Deploying smart contracts...
[0;34m[INFO][0m Step 3/6: Starting bank services...
[0;34m[INFO][0m Step 4/6: Starting backend...
[0;34m[INFO][0m Step 5/6: Starting frontend...
[0;32m[SUCCESS][0m All services started successfully!
[0;34m[INFO][0m Service Status:
[0;34m[INFO][0m Logs available at: ./.pids/
[0;34m[INFO][0m Press Ctrl+C to stop all services
[1;33m[WARN][0m Stopping all services...
[0;34m[INFO][0m Checking prerequisites...
[0;32m[SUCCESS][0m MongoDB is running
[0;32m[SUCCESS][0m Node.js v18.19.1 available
[0;32m[SUCCESS][0m All directories exist
[0;34m[INFO][0m Checking ports...
[0;32m[SUCCESS][0m Ports are free
[0;34m[INFO][0m Step 1/6: Starting Hardhat blockchain node...
[0;34m[INFO][0m Step 2/6: Deploying smart contracts...
[0;34m[INFO][0m Step 3/6: Starting bank services...
[0;34m[INFO][0m Step 4/6: Starting backend...
[0;34m[INFO][0m Step 5/6: Starting frontend...
[0;34m[INFO][0m Step 6/6: Starting bank frontend...
[0;32m[SUCCESS][0m All services started successfully!
[0;34m[INFO][0m Service Status:
[0;34m[INFO][0m Logs available at: ./.pids/
[0;34m[INFO][0m Press Ctrl+C to stop all services
[1;33m[WARN][0m Stopping all services...
[0;34m[INFO][0m Cleanup complete
[1;33m[WARN][0m Stopping all services...
[0;34m[INFO][0m Cleanup complete
[0;34m[INFO][0m Checking prerequisites...
[0;32m[SUCCESS][0m MongoDB is running
[0;32m[SUCCESS][0m Node.js v18.19.1 available
[0;32m[SUCCESS][0m All directories exist
[0;34m[INFO][0m Checking ports...
[0;32m[SUCCESS][0m Ports are free
[0;34m[INFO][0m Step 1/6: Starting Hardhat blockchain node...
[0;34m[INFO][0m Step 2/6: Deploying smart contracts...
[0;34m[INFO][0m Step 3/6: Starting bank services...
[0;34m[INFO][0m Step 4/6: Starting backend...
[0;34m[INFO][0m Step 5/6: Starting frontend...
[0;34m[INFO][0m Step 6/6: Starting bank frontend...
[0;32m[SUCCESS][0m All services started successfully!
[0;34m[INFO][0m Service Status:
[0;34m[INFO][0m Logs available at: ./.pids/
[0;34m[INFO][0m Press Ctrl+C to stop all services
[1;33m[WARN][0m Stopping all services...
[0;34m[INFO][0m Cleanup complete
[1;33m[WARN][0m Stopping all services...
[0;34m[INFO][0m Cleanup complete
[0;34m[INFO][0m Checking prerequisites...
[0;32m[SUCCESS][0m MongoDB is running
[0;32m[SUCCESS][0m Node.js v18.19.1 available
[0;32m[SUCCESS][0m All directories exist
[0;34m[INFO][0m Checking ports...
[0;32m[SUCCESS][0m Ports are free
[0;34m[INFO][0m Step 1/6: Starting Hardhat blockchain node...
[0;34m[INFO][0m Step 2/6: Deploying smart contracts...
[0;34m[INFO][0m Step 3/6: Starting bank services...
[0;34m[INFO][0m Step 4/6: Starting backend...
[0;34m[INFO][0m Step 5/6: Starting frontend...
[0;34m[INFO][0m Step 6/6: Starting bank frontend...
[0;32m[SUCCESS][0m All services started successfully!
[0;34m[INFO][0m Service Status:
[0;34m[INFO][0m Logs available at: ./.pids/
[0;34m[INFO][0m Press Ctrl+C to stop all services
[1;33m[WARN][0m Stopping all services...
[0;34m[INFO][0m Cleanup complete
[1;33m[WARN][0m Stopping all services...
[0;34m[INFO][0m Cleanup complete
[0;34m[INFO][0m Checking prerequisites...
[0;32m[SUCCESS][0m MongoDB is running
[0;32m[SUCCESS][0m Node.js v18.19.1 available
[0;32m[SUCCESS][0m All directories exist
[0;34m[INFO][0m Checking ports...
[0;32m[SUCCESS][0m Ports are free
[0;34m[INFO][0m Step 1/6: Starting Hardhat blockchain node...
[0;34m[INFO][0m Step 2/6: Deploying smart contracts...
[0;34m[INFO][0m Step 3/6: Starting bank services...
[0;34m[INFO][0m Step 4/6: Starting backend...
[0;34m[INFO][0m Step 5/6: Starting frontend...
[0;34m[INFO][0m Step 6/6: Starting bank frontend...
[0;32m[SUCCESS][0m All services started successfully!
[0;34m[INFO][0m Service Status:
[0;34m[INFO][0m Logs available at: ./.pids/
[0;34m[INFO][0m Press Ctrl+C to stop all services
[1;33m[WARN][0m Stopping all services...
[0;34m[INFO][0m Cleanup complete
[0;34m[INFO][0m Checking prerequisites...
[0;32m[SUCCESS][0m MongoDB is running
[0;32m[SUCCESS][0m Node.js v18.19.1 available
[0;32m[SUCCESS][0m All directories exist
[0;34m[INFO][0m Checking ports...
[0;32m[SUCCESS][0m Ports are free
[0;34m[INFO][0m Step 1/6: Starting Hardhat blockchain node...
[0;34m[INFO][0m Step 2/6: Deploying smart contracts...
[0;34m[INFO][0m Step 3/6: Starting bank services...
[0;34m[INFO][0m Step 4/6: Starting backend...
[0;34m[INFO][0m Step 5/6: Starting frontend...
[0;34m[INFO][0m Step 6/6: Starting bank frontend...
[0;32m[SUCCESS][0m All services started successfully!
[0;34m[INFO][0m Service Status:
[0;34m[INFO][0m Logs available at: ./.pids/
[0;34m[INFO][0m Press Ctrl+C to stop all services
[1;33m[WARN][0m Stopping all services...
[0;34m[INFO][0m Cleanup complete
[0;34m[INFO][0m Checking prerequisites...
[0;32m[SUCCESS][0m MongoDB is running
[0;32m[SUCCESS][0m Node.js v18.19.1 available
[0;32m[SUCCESS][0m All directories exist
[0;34m[INFO][0m Checking ports...
[0;32m[SUCCESS][0m Ports are free
[0;34m[INFO][0m Step 1/6: Starting Hardhat blockchain node...
[0;34m[INFO][0m Step 2/6: Deploying smart contracts...
[0;34m[INFO][0m Step 3/6: Starting bank services...
[0;34m[INFO][0m Step 4/6: Starting backend...
[0;34m[INFO][0m Step 5/6: Starting frontend...
[0;34m[INFO][0m Step 6/6: Starting bank frontend...
[0;32m[SUCCESS][0m All services started successfully!
[0;34m[INFO][0m Service Status:
[0;34m[INFO][0m Logs available at: ./.pids/
[0;34m[INFO][0m Press Ctrl+C to stop all services
[1;33m[WARN][0m Stopping all services...
[0;34m[INFO][0m Cleanup complete
[0;34m[INFO][0m Checking prerequisites...
[0;32m[SUCCESS][0m MongoDB is running
[0;32m[SUCCESS][0m Node.js v18.19.1 available
[0;32m[SUCCESS][0m All directories exist
[0;34m[INFO][0m Checking ports...
[0;32m[SUCCESS][0m Ports are free
[0;34m[INFO][0m Step 1/6: Starting Hardhat blockchain node...
[0;34m[INFO][0m Step 2/6: Deploying smart contracts...
[0;34m[INFO][0m Step 3/6: Starting bank services...
[0;34m[INFO][0m Step 4/6: Starting backend...
[0;34m[INFO][0m Step 5/6: Starting frontend...
[0;34m[INFO][0m Step 6/6: Starting bank frontend...
[0;32m[SUCCESS][0m All services started successfully!
[0;34m[INFO][0m Service Status:
[0;34m[INFO][0m Logs available at: ./.pids/
[0;34m[INFO][0m Press Ctrl+C to stop all services
[1;33m[WARN][0m Stopping all services...
[0;34m[INFO][0m Cleanup complete
[0;34m[INFO][0m Checking prerequisites...
[0;32m[SUCCESS][0m MongoDB is running
[0;32m[SUCCESS][0m Node.js v18.19.1 available
[0;32m[SUCCESS][0m All directories exist
[0;34m[INFO][0m Checking ports...
[0;32m[SUCCESS][0m Ports are free
[0;34m[INFO][0m Step 1/6: Starting Hardhat blockchain node...
[0;34m[INFO][0m Step 2/6: Deploying smart contracts...
[0;34m[INFO][0m Step 3/6: Starting bank services...
[0;34m[INFO][0m Step 4/6: Starting backend...
[0;34m[INFO][0m Step 5/6: Starting frontend...
[0;34m[INFO][0m Step 6/6: Starting bank frontend...
[0;32m[SUCCESS][0m All services started successfully!
[0;34m[INFO][0m Service Status:
[0;34m[INFO][0m Logs available at: ./.pids/
[0;34m[INFO][0m Press Ctrl+C to stop all services
[1;33m[WARN][0m Stopping all services...
[0;34m[INFO][0m Cleanup complete
[1;33m[WARN][0m Stopping all services...
[0;34m[INFO][0m Cleanup complete
[0;34m[INFO][0m Checking prerequisites...
[0;32m[SUCCESS][0m MongoDB is running
[0;32m[SUCCESS][0m Node.js v18.19.1 available
[0;32m[SUCCESS][0m All directories exist
[0;34m[INFO][0m Checking ports...
[0;32m[SUCCESS][0m Ports are free
[0;34m[INFO][0m Step 1/6: Starting Hardhat blockchain node...
[0;34m[INFO][0m Step 2/6: Deploying smart contracts...
[0;34m[INFO][0m Step 3/6: Starting bank services...
[0;34m[INFO][0m Step 4/6: Starting backend...
[0;34m[INFO][0m Step 5/6: Starting frontend...
[0;34m[INFO][0m Step 6/6: Starting bank frontend...
[0;32m[SUCCESS][0m All services started successfully!
[0;34m[INFO][0m Service Status:
[0;34m[INFO][0m Logs available at: ./.pids/
[0;34m[INFO][0m Press Ctrl+C to stop all services
[1;33m[WARN][0m Stopping all services...
[0;34m[INFO][0m Cleanup complete
[1;33m[WARN][0m Stopping all services...
[0;34m[INFO][0m Cleanup complete
[0;34m[INFO][0m Checking prerequisites...
[0;32m[SUCCESS][0m MongoDB is running
[0;32m[SUCCESS][0m Node.js v18.19.1 available
[0;32m[SUCCESS][0m All directories exist
[0;34m[INFO][0m Checking ports...
[0;32m[SUCCESS][0m Ports are free
[0;34m[INFO][0m Step 1/6: Starting Hardhat blockchain node...
[0;34m[INFO][0m Step 2/6: Deploying smart contracts...
[0;34m[INFO][0m Step 3/6: Starting bank services...
[0;34m[INFO][0m Step 4/6: Starting backend...
[0;34m[INFO][0m Step 5/6: Starting frontend...
[0;34m[INFO][0m Step 6/6: Starting bank frontend...
[0;32m[SUCCESS][0m All services started successfully!
[0;34m[INFO][0m Service Status:
[0;34m[INFO][0m Logs available at: ./.pids/
[0;34m[INFO][0m Press Ctrl+C to stop all services
[1;33m[WARN][0m Stopping all services...
[0;34m[INFO][0m Cleanup complete
[0;34m[INFO][0m Checking prerequisites...
[0;32m[SUCCESS][0m MongoDB is running
[0;32m[SUCCESS][0m Node.js v18.19.1 available
[0;32m[SUCCESS][0m All directories exist
[0;34m[INFO][0m Checking ports...
[0;32m[SUCCESS][0m Ports are free
[0;34m[INFO][0m Step 1/6: Starting Hardhat blockchain node...
[0;34m[INFO][0m Step 2/6: Deploying smart contracts...
[0;34m[INFO][0m Step 3/6: Starting bank services...
[0;34m[INFO][0m Step 4/6: Starting backend...
[0;34m[INFO][0m Checking prerequisites...
[0;32m[SUCCESS][0m MongoDB is running
[0;32m[SUCCESS][0m Node.js v18.19.1 available
[0;32m[SUCCESS][0m All directories exist
[0;34m[INFO][0m Checking ports...
[0;32m[SUCCESS][0m Ports are free
[0;34m[INFO][0m Step 1/6: Starting Hardhat blockchain node...
[0;34m[INFO][0m Step 2/6: Deploying smart contracts...
[0;34m[INFO][0m Step 3/6: Starting bank services...
[0;34m[INFO][0m Step 4/6: Starting backend...
[0;34m[INFO][0m Step 5/6: Starting frontend...
[0;34m[INFO][0m Step 6/6: Starting bank frontend...
[0;32m[SUCCESS][0m All services started successfully!
[0;34m[INFO][0m Service Status:
[0;34m[INFO][0m Logs available at: ./.pids/
[0;34m[INFO][0m Press Ctrl+C to stop all services
[1;33m[WARN][0m Stopping all services...
[0;34m[INFO][0m Cleanup complete
[0;34m[INFO][0m Checking prerequisites...
[0;32m[SUCCESS][0m MongoDB is running
[0;32m[SUCCESS][0m Node.js v18.19.1 available
[0;32m[SUCCESS][0m All directories exist
[0;34m[INFO][0m Checking ports...
[0;32m[SUCCESS][0m Ports are free
[0;34m[INFO][0m Step 1/6: Starting Hardhat blockchain node...
[0;34m[INFO][0m Step 2/6: Deploying smart contracts...
[0;34m[INFO][0m Step 3/6: Starting bank services...
[0;34m[INFO][0m Step 4/6: Starting backend...
[0;34m[INFO][0m Step 5/6: Starting frontend...
[0;34m[INFO][0m Step 6/6: Starting bank frontend...
[0;32m[SUCCESS][0m All services started successfully!
[0;34m[INFO][0m Service Status:
[0;34m[INFO][0m Logs available at: ./.pids/
[0;34m[INFO][0m Press Ctrl+C to stop all services
[1;33m[WARN][0m Stopping all services...
[0;34m[INFO][0m Cleanup complete
[0;34m[INFO][0m Checking prerequisites...
[0;32m[SUCCESS][0m MongoDB is running
[0;32m[SUCCESS][0m Node.js v18.19.1 available
[0;32m[SUCCESS][0m All directories exist
[0;34m[INFO][0m Checking ports...
[0;32m[SUCCESS][0m Ports are free
[0;34m[INFO][0m Step 1/6: Starting Hardhat blockchain node...
[0;34m[INFO][0m Step 2/6: Deploying smart contracts...
[0;34m[INFO][0m Step 3/6: Starting bank services...
[0;34m[INFO][0m Step 4/6: Starting backend...
[0;34m[INFO][0m Step 5/6: Starting frontend...
[0;34m[INFO][0m Step 6/6: Starting bank frontend...
[0;32m[SUCCESS][0m All services started successfully!
[0;34m[INFO][0m Service Status:
[0;34m[INFO][0m Logs available at: ./.pids/
[0;34m[INFO][0m Press Ctrl+C to stop all services
[1;33m[WARN][0m Stopping all services...
[0;34m[INFO][0m Cleanup complete
[1;33m[WARN][0m Stopping all services...
[0;34m[INFO][0m Cleanup complete
[0;34m[INFO][0m Checking prerequisites...
[0;32m[SUCCESS][0m MongoDB is running
[0;32m[SUCCESS][0m Node.js v18.19.1 available
[0;32m[SUCCESS][0m All directories exist
[0;34m[INFO][0m Checking ports...
[0;32m[SUCCESS][0m Ports are free
[0;34m[INFO][0m Step 1/6: Starting Hardhat blockchain node...
[0;34m[INFO][0m Step 2/6: Deploying smart contracts...
[0;34m[INFO][0m Step 3/6: Starting bank services...
[0;34m[INFO][0m Step 4/6: Starting backend...
[0;34m[INFO][0m Step 5/6: Starting frontend...
[0;34m[INFO][0m Step 6/6: Starting bank frontend...
[0;32m[SUCCESS][0m All services started successfully!
[0;34m[INFO][0m Service Status:
[0;34m[INFO][0m Logs available at: ./.pids/
[0;34m[INFO][0m Press Ctrl+C to stop all services
[1;33m[WARN][0m Stopping all services...
[0;34m[INFO][0m Cleanup complete
[1;33m[WARN][0m Stopping all services...
[0;34m[INFO][0m Cleanup complete
