nohup: ignoring input

> main-backend@1.0.0 start
> node app.js

Loaded contract addresses: {
  NodeRegistry: '0x5FbDB2315678afecb367f032d93F642f64180aa3',
  VoteManager: '0xe7f1725E7734CE288F8367e1Bb143E90bb3F0512',
  BankApproval: '0x9fE46736679d2D9a65F0992F2272dE9f3c7fa6e0',
  TransactionStore: '0xCf7Ed3AccA5a467e9e704C703E8D87F634fB0Fc9'
}
Backend running on port 5000
MongoDB Connected
Terminated
[0;32m[SUCCESS][0m Backend started (PID: 230885, port 5000)
[0;32m[SUCCESS][0m Backend started (PID: 232120, port 5000)
[0;32m[SUCCESS][0m Backend started (PID: 233304, port 5000)
[0;32m[SUCCESS][0m Backend started (PID: 235546, port 5000)
[0;32m[SUCCESS][0m Backend started (PID: 241003, port 5000)
[0;32m[SUCCESS][0m Backend started (PID: 246755, port 5000)
[0;32m[SUCCESS][0m Backend started (PID: 276271, port 5000)
[0;32m[SUCCESS][0m Backend started (PID: 9283, port 5000)
[0;32m[SUCCESS][0m Backend started (PID: 13311, port 5000)
[0;32m[SUCCESS][0m Backend started (PID: 15850, port 5000)
[0;32m[SUCCESS][0m Backend started (PID: 19077, port 5000)
[0;32m[SUCCESS][0m Backend started (PID: 27440, port 5000)
[0;32m[SUCCESS][0m Backend started (PID: 28602, port 5000)
[0;32m[SUCCESS][0m Backend started (PID: 34287, port 5000)
[0;32m[SUCCESS][0m Backend started (PID: 35254, port 5000)
[0;32m[SUCCESS][0m Backend started (PID: 46647, port 5000)
[0;32m[SUCCESS][0m Backend started (PID: 49704, port 5000)
[0;31m[ERROR][0m Backend failed to start. Check ./.pids/backend.log
[1;33m[WARN][0m Stopping all services...
[0;34m[INFO][0m Cleanup complete
[0;32m[SUCCESS][0m Backend started (PID: 55948, port 5000)
[0;32m[SUCCESS][0m Backend started (PID: 59036, port 5000)
[0;32m[SUCCESS][0m Backend started (PID: 59881, port 5000)
[0;32m[SUCCESS][0m Backend started (PID: 183560, port 5000)
[0;32m[SUCCESS][0m Backend started (PID: 203193, port 5000)
[0;32m[SUCCESS][0m Backend started (PID: 247653, port 5000)
[0;32m[SUCCESS][0m Backend started (PID: 5183, port 5000)
