nohup: ignoring input
No private key provided, generating random wallet...
[UnknownBank] Initialized with address: 0xb99347c8a455fEbAd9cEf4068C95890e8333c081
Bank Service [Default] running on port 3000
[0;32m[SUCCESS][0m Bank services started (3001, 3002, 3003)
[0;32m[SUCCESS][0m Bank services started (3001, 3002, 3003)
[0;32m[SUCCESS][0m Bank services started (3001, 3002, 3003)
[0;32m[SUCCESS][0m Bank services started (3001, 3002, 3003)
[0;32m[SUCCESS][0m Bank services started (3001, 3002, 3003)
[0;32m[SUCCESS][0m Bank services started (3001, 3002, 3003)
[0;32m[SUCCESS][0m Bank services started (3001, 3002, 3003)
[0;32m[SUCCESS][0m Bank services started (3001, 3002, 3003)
[0;32m[SUCCESS][0m Bank services started (3001, 3002, 3003)
[0;32m[SUCCESS][0m Bank services started (3001, 3002, 3003)
[0;32m[SUCCESS][0m Bank services started (3001, 3002, 3003)
[0;32m[SUCCESS][0m Bank services started (3001, 3002, 3003)
[0;32m[SUCCESS][0m Bank services started (3001, 3002, 3003)
[0;32m[SUCCESS][0m Bank services started (3001, 3002, 3003)
[0;32m[SUCCESS][0m Bank services started (3001, 3002, 3003)
[0;32m[SUCCESS][0m Bank services started (3001, 3002, 3003)
[0;32m[SUCCESS][0m Bank services started (3001, 3002, 3003)
